<?xml version="1.0" encoding="UTF-8"?>
<Site BuildName="Linux-c++"
	BuildStamp="20240628-1654-Experimental"
	Name="zigork-myBook-Zenith"
	Generator="ctest-3.28.3"
	CompilerName="/usr/bin/c++"
	CompilerVersion="13.2.0"
	OSName="Linux"
	Hostname="zigork-myBook-Zenith"
	OSRelease="6.8.0-31-generic"
	OSVersion="#31-Ubuntu SMP PREEMPT_DYNAMIC Sat Apr 20 00:40:06 UTC 2024"
	OSPlatform="x86_64"
	Is64Bits="1"
	VendorString="AuthenticAMD"
	VendorID="Advanced Micro Devices"
	FamilyID="25"
	ModelID="80"
	ProcessorCacheSize="512"
	NumberOfLogicalCPU="16"
	NumberOfPhysicalCPU="8"
	TotalVirtualMemory="4095"
	TotalPhysicalMemory="15402"
	LogicalProcessorsPerPhysical="2"
	ProcessorClockFrequency="4267.29"
	>
	<Testing>
		<StartDateTime>Jun 28 23:57 +07</StartDateTime>
		<StartTestTime>1719593821</StartTestTime>
		<TestList/>
		<EndDateTime>Jun 28 23:57 +07</EndDateTime>
		<EndTestTime>1719593821</EndTestTime>
		<ElapsedMinutes>0</ElapsedMinutes>
	</Testing>
</Site>
